0 info it worked if it ends with ok
1 verbose cli [ '/usr/local/Cellar/node/0.10.24/bin/node',
1 verbose cli   '/usr/local/bin/npm',
1 verbose cli   'install',
1 verbose cli   '--save-dev',
1 verbose cli   'https://github.com/doctyper/gulp-modernizr.git' ]
2 info using npm@1.3.21
3 info using node@v0.10.24
4 verbose readDependencies using package.json deps
5 verbose cache add [ 'https://github.com/doctyper/gulp-modernizr.git', null ]
6 verbose cache add name=undefined spec="https://github.com/doctyper/gulp-modernizr.git" args=["https://github.com/doctyper/gulp-modernizr.git",null]
7 verbose parsed url { protocol: 'https:',
7 verbose parsed url   slashes: true,
7 verbose parsed url   auth: null,
7 verbose parsed url   host: 'github.com',
7 verbose parsed url   port: null,
7 verbose parsed url   hostname: 'github.com',
7 verbose parsed url   hash: null,
7 verbose parsed url   search: null,
7 verbose parsed url   query: null,
7 verbose parsed url   pathname: '/doctyper/gulp-modernizr.git',
7 verbose parsed url   path: '/doctyper/gulp-modernizr.git',
7 verbose parsed url   href: 'https://github.com/doctyper/gulp-modernizr.git' }
8 silly lockFile 19dfddac--com-doctyper-gulp-modernizr-git https://github.com/doctyper/gulp-modernizr.git
9 verbose lock https://github.com/doctyper/gulp-modernizr.git /Users/iwillinc/.npm/19dfddac--com-doctyper-gulp-modernizr-git.lock
10 verbose addRemoteTarball [ 'https://github.com/doctyper/gulp-modernizr.git', null ]
11 info retry fetch attempt 1 at 13:11:10
12 verbose fetch to= /var/folders/_2/_rg3mc_n45d8cps6lypj9s540000gn/T/npm-88277-GqV2DF3G/1389982270136-0.022110897349193692/tmp.tgz
13 http GET https://github.com/doctyper/gulp-modernizr.git
14 http 200 https://github.com/doctyper/gulp-modernizr.git
15 verbose tar unpack /var/folders/_2/_rg3mc_n45d8cps6lypj9s540000gn/T/npm-88277-GqV2DF3G/1389982270136-0.022110897349193692/tmp.tgz
16 silly lockFile eebd623e-136-0-022110897349193692-package tar:///var/folders/_2/_rg3mc_n45d8cps6lypj9s540000gn/T/npm-88277-GqV2DF3G/1389982270136-0.022110897349193692/package
17 verbose lock tar:///var/folders/_2/_rg3mc_n45d8cps6lypj9s540000gn/T/npm-88277-GqV2DF3G/1389982270136-0.022110897349193692/package /Users/iwillinc/.npm/eebd623e-136-0-022110897349193692-package.lock
18 silly lockFile 6b266597-136-0-022110897349193692-tmp-tgz tar:///var/folders/_2/_rg3mc_n45d8cps6lypj9s540000gn/T/npm-88277-GqV2DF3G/1389982270136-0.022110897349193692/tmp.tgz
19 verbose lock tar:///var/folders/_2/_rg3mc_n45d8cps6lypj9s540000gn/T/npm-88277-GqV2DF3G/1389982270136-0.022110897349193692/tmp.tgz /Users/iwillinc/.npm/6b266597-136-0-022110897349193692-tmp-tgz.lock
20 silly gunzTarPerm modes [ '755', '644' ]
21 error not a package /var/folders/_2/_rg3mc_n45d8cps6lypj9s540000gn/T/npm-88277-GqV2DF3G/1389982270136-0.022110897349193692/tmp.tgz
22 silly lockFile eebd623e-136-0-022110897349193692-package tar:///var/folders/_2/_rg3mc_n45d8cps6lypj9s540000gn/T/npm-88277-GqV2DF3G/1389982270136-0.022110897349193692/package
23 silly lockFile eebd623e-136-0-022110897349193692-package tar:///var/folders/_2/_rg3mc_n45d8cps6lypj9s540000gn/T/npm-88277-GqV2DF3G/1389982270136-0.022110897349193692/package
24 silly lockFile 6b266597-136-0-022110897349193692-tmp-tgz tar:///var/folders/_2/_rg3mc_n45d8cps6lypj9s540000gn/T/npm-88277-GqV2DF3G/1389982270136-0.022110897349193692/tmp.tgz
25 silly lockFile 6b266597-136-0-022110897349193692-tmp-tgz tar:///var/folders/_2/_rg3mc_n45d8cps6lypj9s540000gn/T/npm-88277-GqV2DF3G/1389982270136-0.022110897349193692/tmp.tgz
26 silly lockFile 19dfddac--com-doctyper-gulp-modernizr-git https://github.com/doctyper/gulp-modernizr.git
27 silly lockFile 19dfddac--com-doctyper-gulp-modernizr-git https://github.com/doctyper/gulp-modernizr.git
28 error Error: ENOENT, open '/var/folders/_2/_rg3mc_n45d8cps6lypj9s540000gn/T/npm-88277-GqV2DF3G/1389982270136-0.022110897349193692/package/package.json'
29 error If you need help, you may report this *entire* log,
29 error including the npm and node versions, at:
29 error     <http://github.com/isaacs/npm/issues>
30 error System Darwin 13.0.0
31 error command "/usr/local/Cellar/node/0.10.24/bin/node" "/usr/local/bin/npm" "install" "--save-dev" "https://github.com/doctyper/gulp-modernizr.git"
32 error cwd /Users/iwillinc/dev/ianwillia.ms
33 error node -v v0.10.24
34 error npm -v 1.3.21
35 error path /var/folders/_2/_rg3mc_n45d8cps6lypj9s540000gn/T/npm-88277-GqV2DF3G/1389982270136-0.022110897349193692/package/package.json
36 error code ENOENT
37 error errno 34
38 verbose exit [ 34, true ]
